<?xml version="1.0" encoding="UTF-8"?>
<!-- Generated by org.testng.reporters.JUnitXMLReporter -->
<testsuite ignored="1" hostname="DESKTOP-77JTSPM" failures="0" tests="2" name="Eat" time="90.494" errors="0" timestamp="2024-06-16T20:59:39 IST">
  <testcase classname="MODULES.eating" name="tropiDashboard" time="23.12"/>
  <testcase classname="MODULES.eating" name="tropiOrders" time="26.918"/>
  <testcase classname="MODULES.eating" name="credit" time="0.0">
    <ignored/>
  </testcase> <!-- credit -->
</testsuite> <!-- Eat -->
