<?xml version="1.0" encoding="UTF-8"?>
<!-- Generated by org.testng.reporters.JUnitXMLReporter -->
<testsuite ignored="1" hostname="DESKTOP-77JTSPM" failures="0" tests="2" name="Education" time="77.806" errors="0" timestamp="2024-06-16T21:00:57 IST">
  <testcase classname="MODULES.education" name="eduLogin" time="16.379"/>
  <testcase classname="MODULES.education" name="eduSignup" time="17.971"/>
  <testcase classname="MODULES.education" name="categories" time="0.0">
    <ignored/>
  </testcase> <!-- categories -->
</testsuite> <!-- Education -->
