<?xml version="1.0" encoding="UTF-8"?>
<!-- Generated by org.testng.reporters.JUnitXMLReporter -->
<testsuite ignored="3" hostname="DESKTOP-77JTSPM" failures="0" tests="3" name="Regression" time="140.856" errors="0" timestamp="2024-06-13T19:39:46 IST">
  <testcase classname="MODULES.eating" name="credit" time="31.299"/>
  <testcase classname="MODULES.eating" name="tropiOrders" time="29.211"/>
  <testcase classname="MODULES.education" name="categories" time="17.731"/>
  <testcase classname="MODULES.education" name="eduSignup" time="0.0">
    <ignored/>
  </testcase> <!-- eduSignup -->
  <testcase classname="MODULES.eating" name="tropiDashboard" time="0.0">
    <ignored/>
  </testcase> <!-- tropiDashboard -->
  <testcase classname="MODULES.education" name="eduLogin" time="0.0">
    <ignored/>
  </testcase> <!-- eduLogin -->
</testsuite> <!-- Regression -->
