<?xml version="1.0" encoding="UTF-8"?>
<testng-results ignored="2" total="6" passed="4" failed="0" skipped="0">
  <reporter-output>
  </reporter-output>
  <suite started-at="2024-06-16T20:58:08 IST" name="Suite" finished-at="2024-06-16T21:00:57 IST" duration-ms="168471">
    <groups>
      <group name="Play">
        <method signature="eating.tropiDashboard()[pri:0, instance:MODULES.eating@49049a04]" name="tropiDashboard" class="MODULES.eating"/>
        <method signature="education.eduLogin()[pri:0, instance:MODULES.education@1c7696c6]" name="eduLogin" class="MODULES.education"/>
        <method signature="education.eduSignup(java.lang.String,java.lang.String)[pri:0, instance:MODULES.education@1c7696c6]" name="eduSignup" class="MODULES.education"/>
      </group> <!-- Play -->
    </groups>
    <test started-at="2024-06-16T20:58:08 IST" name="Eat" finished-at="2024-06-16T20:59:39 IST" duration-ms="90494">
      <class name="MODULES.eating">
        <test-method is-config="true" signature="beginTest()[pri:0, instance:MODULES.eating@49049a04]" started-at="2024-06-16T20:58:08 IST" name="beginTest" finished-at="2024-06-16T20:58:18 IST" duration-ms="9606" status="PASS">
          <reporter-output>
          </reporter-output>
        </test-method> <!-- beginTest -->
        <test-method is-config="true" signature="begg()[pri:0, instance:MODULES.eating@49049a04]" started-at="2024-06-16T20:58:18 IST" name="begg" finished-at="2024-06-16T20:58:38 IST" duration-ms="20340" status="PASS">
          <reporter-output>
          </reporter-output>
        </test-method> <!-- begg -->
        <test-method signature="tropiDashboard()[pri:0, instance:MODULES.eating@49049a04]" started-at="2024-06-16T20:58:39 IST" name="tropiDashboard" finished-at="2024-06-16T20:59:02 IST" duration-ms="23120" status="PASS">
          <reporter-output>
          </reporter-output>
        </test-method> <!-- tropiDashboard -->
        <test-method signature="tropiOrders(java.lang.String,java.lang.String)[pri:0, instance:MODULES.eating@49049a04]" started-at="2024-06-16T20:59:02 IST" name="tropiOrders" finished-at="2024-06-16T20:59:29 IST" duration-ms="26918" status="PASS">
          <params>
            <param index="0">
              <value>
                <![CDATA[https://www.goindigo.in/]]>
              </value>
            </param>
            <param index="1">
              <value>
                <![CDATA[https://www.ixigo.com/]]>
              </value>
            </param>
          </params>
          <reporter-output>
          </reporter-output>
        </test-method> <!-- tropiOrders -->
        <test-method is-config="true" signature="endTest()[pri:0, instance:MODULES.eating@49049a04]" started-at="2024-06-16T20:59:29 IST" name="endTest" finished-at="2024-06-16T20:59:39 IST" duration-ms="10384" status="PASS">
          <reporter-output>
          </reporter-output>
        </test-method> <!-- endTest -->
      </class> <!-- MODULES.eating -->
    </test> <!-- Eat -->
    <test started-at="2024-06-16T20:59:39 IST" name="Education" finished-at="2024-06-16T21:00:57 IST" duration-ms="77806">
      <class name="MODULES.education">
        <test-method is-config="true" signature="bfre()[pri:0, instance:MODULES.education@1c7696c6]" started-at="2024-06-16T20:57:35 IST" name="bfre" finished-at="2024-06-16T20:58:08 IST" duration-ms="33827" status="PASS">
          <reporter-output>
          </reporter-output>
        </test-method> <!-- bfre -->
        <test-method is-config="true" signature="method()[pri:0, instance:MODULES.education@1c7696c6]" started-at="2024-06-16T20:59:39 IST" name="method" finished-at="2024-06-16T20:59:39 IST" duration-ms="10" status="PASS">
          <reporter-output>
          </reporter-output>
        </test-method> <!-- method -->
        <test-method signature="eduLogin()[pri:0, instance:MODULES.education@1c7696c6]" started-at="2024-06-16T20:59:39 IST" name="eduLogin" finished-at="2024-06-16T20:59:56 IST" duration-ms="16379" status="PASS">
          <reporter-output>
          </reporter-output>
        </test-method> <!-- eduLogin -->
        <test-method is-config="true" signature="methodAf()[pri:0, instance:MODULES.education@1c7696c6]" started-at="2024-06-16T20:59:56 IST" name="methodAf" finished-at="2024-06-16T21:00:08 IST" duration-ms="12154" status="PASS">
          <reporter-output>
          </reporter-output>
        </test-method> <!-- methodAf -->
        <test-method is-config="true" signature="method()[pri:0, instance:MODULES.education@1c7696c6]" started-at="2024-06-16T21:00:08 IST" name="method" finished-at="2024-06-16T21:00:08 IST" duration-ms="2" status="PASS">
          <reporter-output>
          </reporter-output>
        </test-method> <!-- method -->
        <test-method signature="eduSignup(java.lang.String,java.lang.String)[pri:0, instance:MODULES.education@1c7696c6]" started-at="2024-06-16T21:00:08 IST" name="eduSignup" finished-at="2024-06-16T21:00:26 IST" duration-ms="17971" status="PASS">
          <params>
            <param index="0">
              <value>
                <![CDATA[https://www.airindia.com/]]>
              </value>
            </param>
            <param index="1">
              <value>
                <![CDATA[https://www.goibibo.com/]]>
              </value>
            </param>
          </params>
          <reporter-output>
          </reporter-output>
        </test-method> <!-- eduSignup -->
        <test-method is-config="true" signature="methodAf()[pri:0, instance:MODULES.education@1c7696c6]" started-at="2024-06-16T21:00:26 IST" name="methodAf" finished-at="2024-06-16T21:00:37 IST" duration-ms="11146" status="PASS">
          <reporter-output>
          </reporter-output>
        </test-method> <!-- methodAf -->
        <test-method is-config="true" signature="begg()[pri:0, instance:MODULES.education@1c7696c6]" started-at="2024-06-16T21:00:37 IST" name="begg" finished-at="2024-06-16T21:00:57 IST" duration-ms="20121" status="PASS">
          <reporter-output>
          </reporter-output>
        </test-method> <!-- begg -->
      </class> <!-- MODULES.education -->
      <class name="MODULES.eating">
        <test-method is-config="true" signature="bfre(java.lang.String,java.lang.String)[pri:0, instance:MODULES.eating@49049a04]" started-at="2024-06-16T21:00:57 IST" name="bfre" finished-at="2024-06-16T21:01:11 IST" duration-ms="13708" status="PASS">
          <params>
            <param index="0">
              <value>
                <![CDATA[https://www.spicejet.com/]]>
              </value>
            </param>
            <param index="1">
              <value>
                <![CDATA[https://www.makemytrip.com/]]>
              </value>
            </param>
          </params>
          <reporter-output>
          </reporter-output>
        </test-method> <!-- bfre -->
      </class> <!-- MODULES.eating -->
    </test> <!-- Education -->
  </suite> <!-- Suite -->
</testng-results>
